2 [140173700687808] INFO perfrun.launcher <> - Launcher main begin
7 [140173700687808] INFO perfrun.launcher <> - MessageCatalogInit finished
7 [140173700687808] INFO perfrun.launcher <> - Launcher instance created
7 [140173700687808] INFO perfrun.launcher <> - argc = 6; cmdline = /leonardo/prod/spack/06/install/0.22/linux-rhel8-icelake/gcc-8.5.0/intel-oneapi-advisor-2024.1.0-xxju5zhmx75zzufp2f3e2hxkzzpmw56d/advisor/2024.1/bin64/advixe-runss -dump-vdso -r /scratch_local/advixe-tmp-nshukla1/advixe-res-685247-22970742806691511 --tmp-dir /scratch_local/advixe-tmp-nshukla1 
87 [140173700687808] INFO perfrun.launcher <> - create msngr2::ICliToolContext
87 [140173700687808] INFO perfrun.launcher <> - create file finder object
105 [140173482280704] INFO perfrun.launcher <> - plugin [remoteplug] was disabled because it doesn't support the given collection type.
105 [140173482280704] INFO perfrun.launcher <> - plugin [system] was disabled because it doesn't support the given collection type.
105 [140173482280704] INFO perfrun.vdso <> - dumping [vdso] pseudomodule
105 [140173482280704] INFO perfrun.launcher <> - plugin [itt] was disabled because it doesn't support the given collection type.
105 [140173482280704] INFO perfrun.launcher <> - plugin [] was disabled because it doesn't support the given collection type.
105 [140173482280704] INFO perfrun.launcher <> - plugin [gpu] was disabled because it doesn't support the given collection type.
105 [140173482280704] INFO perfrun.launcher <> - plugin [] was disabled because it doesn't support the given collection type.
105 [140173482280704] INFO perfrun.launcher <> - plugin [] was disabled because it doesn't support the given collection type.
105 [140173482280704] INFO perfrun.launcher <> - plugin [] was disabled because it doesn't support the given collection type.
105 [140173482280704] INFO perfrun.launcher <> - plugin [mrte] was disabled because it doesn't support the given collection type.
105 [140173482280704] INFO perfrun.launcher <> - plugin [] was disabled because it doesn't support the given collection type.
105 [140173482280704] INFO perfrun.launcher <> - plugin [] was disabled because it doesn't support the given collection type.
105 [140173482280704] INFO perfrun.launcher <> - plugin [] was disabled because it doesn't support the given collection type.
105 [140173482280704] INFO perfrun.launcher <> - plugin [] was disabled because it doesn't support the given collection type.
105 [140173482280704] INFO perfrun.launcher <> - plugin [] was disabled because it doesn't support the given collection type.
105 [140173482280704] INFO perfrun.launcher <> - plugin [] was disabled because it doesn't support the given collection type.
105 [140173482280704] INFO perfrun.launcher <> - plugin [] was disabled because it doesn't support the given collection type.
105 [140173482280704] INFO perfrun.launcher <> - plugin [tpss] was disabled because it doesn't support the given collection type.
105 [140173482280704] INFO perfrun.launcher <> - plugin [] was disabled because it doesn't support the given collection type.
105 [140173482280704] INFO perfrun.launcher <> - plugin [] was disabled because it doesn't support the given collection type.
105 [140173482280704] INFO perfrun.launcher <> - plugin [] was disabled because it doesn't support the given collection type.
105 [140173482280704] INFO perfrun.launcher <> - plugin [] was disabled because it doesn't support the given collection type.
105 [140173482280704] INFO perfrun.launcher <> - plugin [] was disabled because it doesn't support the given collection type.
105 [140173482280704] INFO perfrun.launcher <> - plugin [] was disabled because it doesn't support the given collection type.
105 [140173482280704] INFO perfrun.launcher <> - plugin [] was disabled because it doesn't support the given collection type.
106 [140173482280704] INFO perfrun.launcher <> - plugin [] was disabled because it doesn't support the given collection type.
106 [140173482280704] INFO perfrun.launcher <> - plugin [] was disabled because it doesn't support the given collection type.
106 [140173700687808] INFO perfrun.launcher <> - Application exit code: 0
106 [140173700687808] INFO perfrun.launcher <> - Exit code: 0
